<?xml version="1.0" encoding="UTF-8"?>
<testsuite name="com.deepdive.Conreq" tests="1" skipped="0" failures="0" errors="0" timestamp="2024-01-13T17:42:57" hostname="KAVIYAZHINI" time="1.681">
  <properties/>
  <testcase name="getEmployee" classname="com.deepdive.Conreq" time="1.681"/>
  <system-out><![CDATA[200
X-Powered-By=tinyhttp
Access-Control-Allow-Origin=*
Access-Control-Allow-Methods=GET, HEAD, PUT, PATCH, POST, DELETE
Access-Control-Allow-Headers=content-type
Content-Type=application/json
Date=Sat, 13 Jan 2024 17:42:59 GMT
Connection=keep-alive
Keep-Alive=timeout=5
Content-Length=779
X-Powered-By=tinyhttp
Access-Control-Allow-Origin=*
Access-Control-Allow-Methods=GET, HEAD, PUT, PATCH, POST, DELETE
Access-Control-Allow-Headers=content-type
Content-Type=application/json
Date=Sat, 13 Jan 2024 17:42:59 GMT
Connection=keep-alive
Keep-Alive=timeout=5
Content-Length=779
436
[
    {
        "id": "2",
        "first_name": "captain",
        "last_name": "Miller",
        "email": "miller@codingthesmartway.com"
    },
    {
        "id": "3",
        "first_name": "rakul",
        "last_name": "preet",
        "email": "rpsingh@codingthesmartway.com"
    },
    {
        "id": "4",
        "first_name": "Rashi",
        "last_name": "Kanna",
        "email": "rkanna@codingthesmartway.com"
    },
    {
        "id": 25,
        "first_name": "Tabu",
        "last_name": "agarwal",
        "email": "tabuagr@bollywood.com"
    },
    {
        "id": 29,
        "first_name": "preeti",
        "last_name": "zinda",
        "email": "preetiz@kollywood.com",
        "jobs": [
            "actor",
            "model"
        ],
        "diet": {
            "breakfast": "idly",
            "lunch": "rice",
            "dinner": [
                "chappati",
                "milk"
            ]
        }
    }
]
]]></system-out>
  <system-err><![CDATA[]]></system-err>
</testsuite>
